<?xml version="1.0" encoding="UTF-8"?>
<!-- Generated by org.testng.reporters.JUnitXMLReporter -->
<testsuite hostname="XJR-PC" name="Default test" tests="3" failures="0" timestamp="2 Mar 2017 06:19:04 GMT" time="0.068" errors="0">
  <testcase name="@BeforeMethod url" time="0.0" classname="Test.baIduTest">
    <failure type="org.testng.TestNGException" message="
Parameter &amp;apos;URL&amp;apos; is required by @Configuration on method url but has not been marked @Optional or defined
in C:\Users\XJR\AppData\Local\Temp\testng-eclipse-970064075\testng-customsuite.xml">
      <![CDATA[org.testng.TestNGException: 
Parameter 'URL' is required by @Configuration on method url but has not been marked @Optional or defined
in C:\Users\XJR\AppData\Local\Temp\testng-eclipse-970064075\testng-customsuite.xml
	at org.testng.internal.Parameters.createParameters(Parameters.java:154)
	at org.testng.internal.Parameters.createParameters(Parameters.java:361)
	at org.testng.internal.Parameters.createConfigurationParameters(Parameters.java:84)
	at org.testng.internal.Invoker.invokeConfigurations(Invoker.java:201)
	at org.testng.internal.Invoker.invokeMethod(Invoker.java:589)
	at org.testng.internal.Invoker.invokeTestMethod(Invoker.java:822)
	at org.testng.internal.Invoker.invokeTestMethods(Invoker.java:1130)
	at org.testng.internal.TestMethodWorker.invokeTestMethods(TestMethodWorker.java:129)
	at org.testng.internal.TestMethodWorker.run(TestMethodWorker.java:112)
	at org.testng.TestRunner.privateRun(TestRunner.java:782)
	at org.testng.TestRunner.run(TestRunner.java:632)
	at org.testng.SuiteRunner.runTest(SuiteRunner.java:366)
	at org.testng.SuiteRunner.runSequentially(SuiteRunner.java:361)
	at org.testng.SuiteRunner.privateRun(SuiteRunner.java:319)
	at org.testng.SuiteRunner.run(SuiteRunner.java:268)
	at org.testng.SuiteRunnerWorker.runSuite(SuiteRunnerWorker.java:52)
	at org.testng.SuiteRunnerWorker.run(SuiteRunnerWorker.java:86)
	at org.testng.TestNG.runSuitesSequentially(TestNG.java:1244)
	at org.testng.TestNG.runSuitesLocally(TestNG.java:1169)
	at org.testng.TestNG.run(TestNG.java:1064)
	at org.testng.remote.RemoteTestNG.run(RemoteTestNG.java:113)
	at org.testng.remote.RemoteTestNG.initAndRun(RemoteTestNG.java:206)
	at org.testng.remote.RemoteTestNG.main(RemoteTestNG.java:177)
]]>
    </failure>
  </testcase> <!-- @BeforeMethod url -->
  <testcase name="@AfterMethod tearDown" time="0.0" classname="Test.baIduTest">
    <skipped/>
  </testcase> <!-- @AfterMethod tearDown -->
  <testcase name="@BeforeMethod url" time="0.0" classname="Test.baIduTest">
    <skipped/>
  </testcase> <!-- @BeforeMethod url -->
  <testcase name="@AfterMethod tearDown" time="0.0" classname="Test.baIduTest">
    <skipped/>
  </testcase> <!-- @AfterMethod tearDown -->
  <testcase name="@BeforeMethod url" time="0.0" classname="Test.baIduTest">
    <skipped/>
  </testcase> <!-- @BeforeMethod url -->
  <testcase name="@AfterMethod tearDown" time="0.0" classname="Test.baIduTest">
    <skipped/>
  </testcase> <!-- @AfterMethod tearDown -->
  <testcase name="baidu" time="0.008" classname="Test.baIduTest">
    <skipped/>
  </testcase> <!-- baidu -->
  <testcase name="baidu" time="0.001" classname="Test.baIduTest">
    <skipped/>
  </testcase> <!-- baidu -->
  <testcase name="title_test01" time="0.0" classname="Test.baIduTest">
    <skipped/>
  </testcase> <!-- title_test01 -->
</testsuite> <!-- Default test -->
